<?xml version="1.0" encoding="UTF-8"?>
<!-- Generated by org.testng.reporters.JUnitReportReporter -->
<testsuite hostname="LAPTOP-ISQ7MUIO" failures="0" tests="3" name="tests.GoogleTest" time="4.830" errors="0" timestamp="28 Jun 2020 15:58:41 GMT" skipped="0">
  <testcase classname="tests.GoogleTest" name="launchApplication" time="2.156"/>
  <testcase classname="tests.GoogleTest" name="verifySearchResults" time="1.236"/>
  <testcase classname="tests.GoogleTest" name="verifyHomePage" time="1.438"/>
</testsuite> <!-- tests.GoogleTest -->
