<?xml version="1.0" encoding="UTF-8"?>
<!-- Generated by org.testng.reporters.JUnitReportReporter -->
<testsuite hostname="LAPTOP-ISQ7MUIO" failures="0" tests="3" name="tests.GoogleTest" time="68.836" errors="0" timestamp="29 Jun 2020 13:12:09 GMT" skipped="0">
  <testcase classname="tests.GoogleTest" name="launchApplication" time="2.159"/>
  <testcase classname="tests.GoogleTest" name="verifySearchResults" time="36.126"/>
  <testcase classname="tests.GoogleTest" name="verifyHomePage" time="30.551"/>
</testsuite> <!-- tests.GoogleTest -->
